<?xml version="1.0" encoding="UTF-8"?>
<testng-results ignored="0" total="1" passed="1" failed="0" skipped="0">
  <reporter-output>
  </reporter-output>
  <suite started-at="2023-07-31T12:35:54 IST" name="Default suite" finished-at="2023-07-31T12:36:10 IST" duration-ms="15984">
    <groups>
    </groups>
    <test started-at="2023-07-31T12:35:54 IST" name="Default test" finished-at="2023-07-31T12:36:10 IST" duration-ms="15984">
      <class name="nactet.TestPage">
        <test-method is-config="true" signature="setup()[pri:0, instance:nactet.TestPage@3ee37e5a]" started-at="2023-07-31T12:35:54 IST" name="setup" finished-at="2023-07-31T12:36:00 IST" duration-ms="5977" status="PASS">
          <reporter-output>
          </reporter-output>
        </test-method> <!-- setup -->
        <test-method signature="testup()[pri:0, instance:nactet.TestPage@3ee37e5a]" started-at="2023-07-31T12:36:00 IST" name="testup" finished-at="2023-07-31T12:36:10 IST" duration-ms="9979" status="PASS">
          <reporter-output>
          </reporter-output>
        </test-method> <!-- testup -->
      </class> <!-- nactet.TestPage -->
    </test> <!-- Default test -->
  </suite> <!-- Default suite -->
</testng-results>
